<?xml version="1.0" encoding="UTF-8"?>
<testsuites name="bun test" tests="1" assertions="30" failures="0" skipped="0" time="19.147142503">
  <testsuite name="tests/recovery.integration.test.ts" file="tests/recovery.integration.test.ts" tests="1" assertions="30" failures="0" skipped="0" time="19.144375702" hostname="ah-ipv6">
    <testcase name="OPS03/SYS13 partial: stopped graph, Access and object restore with new lineage" classname="" time="19.071852" file="tests/recovery.integration.test.ts" line="37" assertions="30" />
  </testsuite>
</testsuites>
