<?xml version="1.0" encoding="UTF-8"?>
<testsuites name="bun test" tests="1" assertions="35" failures="0" skipped="0" time="18.837258834">
  <testsuite name="services/account/tests/account-access-recovery.integration.test.ts" file="services/account/tests/account-access-recovery.integration.test.ts" tests="1" assertions="35" failures="0" skipped="0" time="18.834128979" hostname="ah-ipv6">
    <testcase name="OPS03/IAM10 partial: two-owner deletion cut rejects either missing WAL frontier" classname="" time="18.687342" file="services/account/tests/account-access-recovery.integration.test.ts" line="45" assertions="35" />
  </testsuite>
</testsuites>
